0 silly argv {
0 silly argv   _: [ 'publish' ],
0 silly argv   composed: 'publish',
0 silly argv   lernaVersion: '8.1.9',
0 silly argv   '$0': '/media/cincarnato/SSD480/code/drax/drax-framework/node_modules/.bin/lerna'
0 silly argv }
1 notice cli v8.1.9
2 verbose packageConfigs Explicit "packages" configuration found in lerna.json. Resolving packages using the configured glob(s): ["packages/**/*"]
3 verbose rootPath /media/cincarnato/SSD480/code/drax/drax-framework
4 verbose session 969c4c2adfbc4b6d
5 verbose user-agent lerna/8.1.9/node@v20.16.0+x64 (linux)
6 silly argv { _: [ 'publish' ], composed: 'publish', lernaVersion: '8.1.9' }
7 verbose packageConfigs Explicit "packages" configuration found in lerna.json. Resolving packages using the configured glob(s): ["packages/**/*"]
8 verbose rootPath /media/cincarnato/SSD480/code/drax/drax-framework
9 info current version 0.15.7
10 silly isAnythingCommitted
11 verbose isAnythingCommitted 1
12 silly getCurrentBranch
13 verbose currentBranch master
14 silly remoteBranchExists
15 silly isBehindUpstream
16 silly isBehindUpstream master is behind origin/master by 0 commit(s) and ahead by 2
17 silly hasTags
18 verbose hasTags true
19 silly git-describe.sync "v0.15.7-2-g47e0a94" => {"lastTagName":"v0.15.7","lastVersion":"v0.15.7","refCount":"2","sha":"47e0a94","isDirty":false}
20 info Looking for changed packages since v0.15.7
21 silly checking diff packages/ai/ai-back
22 silly no diff found in @drax/ai-back
23 silly checking diff packages/arch
24 silly no diff found in @drax/arch
25 silly checking diff packages/common/common-back
26 silly no diff found in @drax/common-back
27 silly checking diff packages/common/common-front
28 silly no diff found in @drax/common-front
29 silly checking diff packages/common/common-share
30 silly no diff found in @drax/common-share
31 silly checking diff packages/common/common-vue
32 silly no diff found in @drax/common-vue
33 silly checking diff packages/crud/crud-back
34 silly no diff found in @drax/crud-back
35 silly checking diff packages/crud/crud-front
36 silly found diff in packages/crud/crud-front/src/providers/AbstractCrudRestProvider.ts
37 verbose filtered diff [
37 verbose filtered diff   'packages/crud/crud-front/src/providers/AbstractCrudRestProvider.ts'
37 verbose filtered diff ]
38 silly checking diff packages/crud/crud-share
39 silly found diff in packages/crud/crud-share/src/interfaces/IEntityCrudFilter.ts
40 verbose filtered diff [ 'packages/crud/crud-share/src/interfaces/IEntityCrudFilter.ts' ]
41 silly checking diff packages/crud/crud-vue
42 silly found diff in packages/crud/crud-vue/src/EntityCrud.ts
42 silly found diff in packages/crud/crud-vue/src/components/CrudFilters.vue
43 verbose filtered diff [
43 verbose filtered diff   'packages/crud/crud-vue/src/EntityCrud.ts',
43 verbose filtered diff   'packages/crud/crud-vue/src/components/CrudFilters.vue'
43 verbose filtered diff ]
44 silly checking diff packages/dynamic/dynamic-back
45 silly no diff found in @drax/dynamic-back
46 silly checking diff packages/dynamic/dynamic-front
47 silly no diff found in @drax/dynamic-front
48 silly checking diff packages/dynamic/dynamic-vue
49 silly no diff found in @drax/dynamic-vue
50 silly checking diff packages/email/email-back
51 silly no diff found in @drax/email-back
52 silly checking diff packages/i18n/i18n-share
53 silly no diff found in @drax/i18n-share
54 silly checking diff packages/identity/identity-back
55 silly no diff found in @drax/identity-back
56 silly checking diff packages/identity/identity-front
57 silly no diff found in @drax/identity-front
58 silly checking diff packages/identity/identity-share
59 silly no diff found in @drax/identity-share
60 silly checking diff packages/identity/identity-vue
61 silly no diff found in @drax/identity-vue
62 silly checking diff packages/media/media-backend
63 silly no diff found in @drax/media-back
64 silly checking diff packages/media/media-front
65 silly no diff found in @drax/media-front
66 silly checking diff packages/media/media-vue
67 silly found diff in packages/media/media-vue/src/components/MediaField.vue
67 silly found diff in packages/media/media-vue/src/components/MediaFullField.vue
68 verbose filtered diff [
68 verbose filtered diff   'packages/media/media-vue/src/components/MediaField.vue',
68 verbose filtered diff   'packages/media/media-vue/src/components/MediaFullField.vue'
68 verbose filtered diff ]
69 silly checking diff packages/settings/settings-back
70 silly no diff found in @drax/settings-back
71 silly checking diff packages/settings/settings-front
72 silly no diff found in @drax/settings-front
73 silly checking diff packages/settings/settings-share
74 silly no diff found in @drax/settings-share
75 silly checking diff packages/settings/settings-vue
76 silly no diff found in @drax/settings-vue
77 silly checking diff packages/zuite/zuite-arch
78 silly no diff found in @drax/zuite-arch
79 silly checking diff packages/zuite/zuite-back
80 silly no diff found in @drax/zuite-back
81 silly checking diff packages/zuite/zuite-front
82 silly found diff in packages/zuite/zuite-front/src/modules/people/pages/crud/CountryCrudPage.vue
82 silly found diff in packages/zuite/zuite-front/src/modules/people/pages/crud/LanguageCrudPage.vue
82 silly found diff in packages/zuite/zuite-front/src/modules/people/pages/crud/PersonCrudPage.vue
83 verbose filtered diff [
83 verbose filtered diff   'packages/zuite/zuite-front/src/modules/people/pages/crud/CountryCrudPage.vue',
83 verbose filtered diff   'packages/zuite/zuite-front/src/modules/people/pages/crud/LanguageCrudPage.vue',
83 verbose filtered diff   'packages/zuite/zuite-front/src/modules/people/pages/crud/PersonCrudPage.vue'
83 verbose filtered diff ]
84 verbose updated @drax/crud-back
85 verbose updated @drax/crud-front
86 verbose updated @drax/crud-share
87 verbose updated @drax/crud-vue
88 verbose updated @drax/dynamic-back
89 verbose updated @drax/dynamic-vue
90 verbose updated @drax/identity-back
91 verbose updated @drax/identity-front
92 verbose updated @drax/identity-vue
93 verbose updated @drax/media-back
94 verbose updated @drax/media-vue
95 verbose updated @drax/settings-back
96 verbose updated @drax/zuite-arch
97 verbose updated @drax/zuite-back
98 verbose updated @drax/zuite-front
99 verbose git-describe undefined => "v0.15.7-2-g47e0a94"
100 silly git-describe parsed => {"lastTagName":"v0.15.7","lastVersion":"v0.15.7","refCount":"2","sha":"47e0a94","isDirty":false}
101 info execute Skipping releases
102 silly lifecycle No script for "preversion" in "drax", continuing
103 warn ECYCLE Dependency cycles detected, you should fix these!
103 warn ECYCLE @drax/crud-back -> @drax/media-back -> @drax/identity-back -> @drax/crud-back
104 silly lifecycle No script for "preversion" in "@drax/crud-front", continuing
105 silly lifecycle No script for "preversion" in "@drax/crud-share", continuing
106 silly lifecycle No script for "preversion" in "@drax/media-vue", continuing
107 verbose version @drax/crud-front has no lockfile. Skipping lockfile update.
108 verbose version @drax/crud-share has no lockfile. Skipping lockfile update.
109 verbose version @drax/media-vue has no lockfile. Skipping lockfile update.
110 silly lifecycle No script for "version" in "@drax/crud-share", continuing
111 silly lifecycle No script for "preversion" in "@drax/identity-front", continuing
112 silly lifecycle No script for "version" in "@drax/media-vue", continuing
113 silly lifecycle No script for "preversion" in "@drax/crud-back", continuing
114 silly lifecycle No script for "preversion" in "@drax/media-back", continuing
115 silly lifecycle No script for "preversion" in "@drax/identity-back", continuing
116 silly lifecycle No script for "version" in "@drax/crud-front", continuing
117 silly lifecycle No script for "preversion" in "@drax/crud-vue", continuing
118 silly lifecycle No script for "preversion" in "@drax/dynamic-vue", continuing
119 verbose version @drax/identity-front has no lockfile. Skipping lockfile update.
120 verbose version @drax/media-back has no lockfile. Skipping lockfile update.
121 verbose version @drax/crud-back has no lockfile. Skipping lockfile update.
122 verbose version @drax/dynamic-vue has no lockfile. Skipping lockfile update.
123 verbose version @drax/crud-vue has no lockfile. Skipping lockfile update.
124 silly lifecycle No script for "version" in "@drax/media-back", continuing
125 silly lifecycle No script for "preversion" in "@drax/dynamic-back", continuing
126 silly lifecycle No script for "version" in "@drax/identity-back", continuing
127 silly lifecycle No script for "version" in "@drax/crud-back", continuing
128 silly lifecycle No script for "preversion" in "@drax/settings-back", continuing
129 verbose version @drax/dynamic-back has no lockfile. Skipping lockfile update.
130 silly lifecycle No script for "version" in "@drax/identity-front", continuing
131 silly lifecycle No script for "version" in "@drax/crud-vue", continuing
132 silly lifecycle No script for "preversion" in "@drax/identity-vue", continuing
133 silly lifecycle No script for "preversion" in "@drax/zuite-arch", continuing
134 silly lifecycle No script for "version" in "@drax/dynamic-vue", continuing
135 verbose version @drax/identity-vue has no lockfile. Skipping lockfile update.
136 verbose version @drax/zuite-arch has no lockfile. Skipping lockfile update.
137 silly lifecycle No script for "version" in "@drax/dynamic-back", continuing
138 silly lifecycle No script for "version" in "@drax/settings-back", continuing
139 silly lifecycle No script for "preversion" in "@drax/zuite-back", continuing
140 silly lifecycle No script for "version" in "@drax/identity-vue", continuing
141 silly lifecycle No script for "preversion" in "@drax/zuite-front", continuing
142 silly lifecycle No script for "version" in "@drax/zuite-arch", continuing
143 verbose version @drax/zuite-front has no lockfile. Skipping lockfile update.
144 silly lifecycle No script for "version" in "@drax/zuite-back", continuing
145 silly lifecycle No script for "version" in "@drax/zuite-front", continuing
146 silly lifecycle No script for "version" in "drax", continuing
147 verbose version Updating root package-lock.json
148 silly gitAdd [
148 silly gitAdd   'packages/crud/crud-share/package.json',
148 silly gitAdd   'packages/media/media-vue/package.json',
148 silly gitAdd   'packages/crud/crud-front/package.json',
148 silly gitAdd   'packages/media/media-backend/package.json',
148 silly gitAdd   'packages/identity/identity-back/package.json',
148 silly gitAdd   'packages/identity/identity-back/package-lock.json',
148 silly gitAdd   'packages/crud/crud-back/package.json',
148 silly gitAdd   'packages/identity/identity-front/package.json',
148 silly gitAdd   'packages/crud/crud-vue/package.json',
148 silly gitAdd   'packages/dynamic/dynamic-vue/package.json',
148 silly gitAdd   'packages/dynamic/dynamic-back/package.json',
148 silly gitAdd   'packages/settings/settings-back/package.json',
148 silly gitAdd   'packages/settings/settings-back/package-lock.json',
148 silly gitAdd   'packages/identity/identity-vue/package.json',
148 silly gitAdd   'packages/zuite/zuite-arch/package.json',
148 silly gitAdd   'packages/zuite/zuite-back/package.json',
148 silly gitAdd   'packages/zuite/zuite-back/package-lock.json',
148 silly gitAdd   'packages/zuite/zuite-front/package.json',
148 silly gitAdd   'lerna.json',
148 silly gitAdd   'package-lock.json'
148 silly gitAdd ]
149 silly gitCommit v0.15.8
150 verbose git [ 'commit', '-m', 'v0.15.8' ]
151 silly gitTag v0.15.8 git tag %s -m %s
152 verbose git [ 'tag', 'v0.15.8', '-m', 'v0.15.8' ]
153 silly lifecycle No script for "postversion" in "@drax/crud-back", continuing
154 silly lifecycle No script for "postversion" in "@drax/crud-front", continuing
155 silly lifecycle No script for "postversion" in "@drax/crud-share", continuing
156 silly lifecycle No script for "postversion" in "@drax/crud-vue", continuing
157 silly lifecycle No script for "postversion" in "@drax/dynamic-back", continuing
158 silly lifecycle No script for "postversion" in "@drax/dynamic-vue", continuing
159 silly lifecycle No script for "postversion" in "@drax/identity-back", continuing
160 silly lifecycle No script for "postversion" in "@drax/identity-front", continuing
161 silly lifecycle No script for "postversion" in "@drax/identity-vue", continuing
162 silly lifecycle No script for "postversion" in "@drax/media-back", continuing
163 silly lifecycle No script for "postversion" in "@drax/media-vue", continuing
164 silly lifecycle No script for "postversion" in "@drax/settings-back", continuing
165 silly lifecycle No script for "postversion" in "@drax/zuite-arch", continuing
166 silly lifecycle No script for "postversion" in "@drax/zuite-back", continuing
167 silly lifecycle No script for "postversion" in "@drax/zuite-front", continuing
168 silly lifecycle No script for "postversion" in "drax", continuing
169 info git Pushing tags...
170 silly gitPush origin master
171 info publish Publishing packages to npm...
172 warn ENOLICENSE Packages @drax/crud-back, @drax/crud-front, @drax/crud-share, @drax/crud-vue, @drax/dynamic-back, @drax/dynamic-vue, @drax/identity-back, @drax/identity-front, @drax/identity-vue, @drax/media-back, @drax/media-vue, and @drax/settings-back are missing a license.
172 warn ENOLICENSE One way to fix this is to add a LICENSE.md file to the root of this repository.
172 warn ENOLICENSE See https://choosealicense.com for additional guidance.
173 silly getCurrentSHA
174 verbose getCurrentSHA 982f39b4fe5a5a024f94376509282619709965a6
175 silly lifecycle No script for "prepublish" in "drax", continuing
176 silly lifecycle No script for "prepare" in "drax", continuing
177 silly lifecycle No script for "prepublishOnly" in "drax", continuing
178 silly lifecycle No script for "prepack" in "drax", continuing
179 warn ECYCLE Dependency cycles detected, you should fix these!
179 warn ECYCLE @drax/crud-back -> @drax/media-back -> @drax/identity-back -> @drax/crud-back
180 verbose pack-directory packages/crud/crud-front
181 silly lifecycle No script for "prepublish" in "@drax/crud-front", continuing
182 verbose pack-directory packages/crud/crud-share
183 silly lifecycle "prepublish" starting in "@drax/crud-share"
184 info lifecycle @drax/crud-share@0.15.8~prepublish: @drax/crud-share@0.15.8
185 verbose pack-directory packages/media/media-vue
186 silly lifecycle No script for "prepublish" in "@drax/media-vue", continuing
187 silly lifecycle No script for "prepare" in "@drax/crud-front", continuing
188 silly lifecycle No script for "prepare" in "@drax/media-vue", continuing
189 silly lifecycle No script for "prepublishOnly" in "@drax/crud-front", continuing
190 silly lifecycle No script for "prepublishOnly" in "@drax/media-vue", continuing
191 silly lifecycle No script for "prepack" in "@drax/crud-front", continuing
192 silly lifecycle No script for "prepack" in "@drax/media-vue", continuing
193 silly lifecycle No script for "postpack" in "@drax/crud-front", continuing
194 verbose packed packages/crud/crud-front
195 silly lifecycle No script for "postpack" in "@drax/media-vue", continuing
196 verbose packed packages/media/media-vue
197 silly lifecycle "prepublish" finished in "@drax/crud-share"
198 silly lifecycle No script for "prepare" in "@drax/crud-share", continuing
199 silly lifecycle No script for "prepublishOnly" in "@drax/crud-share", continuing
200 silly lifecycle No script for "prepack" in "@drax/crud-share", continuing
201 silly lifecycle No script for "postpack" in "@drax/crud-share", continuing
202 verbose packed packages/crud/crud-share
203 verbose pack-directory packages/crud/crud-vue
204 silly lifecycle No script for "prepublish" in "@drax/crud-vue", continuing
205 verbose pack-directory packages/dynamic/dynamic-vue
206 silly lifecycle No script for "prepublish" in "@drax/dynamic-vue", continuing
207 verbose pack-directory packages/identity/identity-front
208 silly lifecycle No script for "prepublish" in "@drax/identity-front", continuing
209 silly lifecycle No script for "prepare" in "@drax/crud-vue", continuing
210 silly lifecycle No script for "prepare" in "@drax/dynamic-vue", continuing
211 silly lifecycle No script for "prepare" in "@drax/identity-front", continuing
212 silly lifecycle No script for "prepublishOnly" in "@drax/crud-vue", continuing
213 silly lifecycle No script for "prepublishOnly" in "@drax/identity-front", continuing
214 silly lifecycle No script for "prepublishOnly" in "@drax/dynamic-vue", continuing
215 silly lifecycle No script for "prepack" in "@drax/identity-front", continuing
216 silly lifecycle No script for "prepack" in "@drax/crud-vue", continuing
217 silly lifecycle No script for "prepack" in "@drax/dynamic-vue", continuing
218 silly lifecycle No script for "postpack" in "@drax/dynamic-vue", continuing
219 verbose packed packages/dynamic/dynamic-vue
220 verbose pack-directory packages/crud/crud-back
221 silly lifecycle "prepublish" starting in "@drax/crud-back"
222 info lifecycle @drax/crud-back@0.15.8~prepublish: @drax/crud-back@0.15.8
223 verbose pack-directory packages/media/media-backend
224 silly lifecycle "prepublish" starting in "@drax/media-back"
225 info lifecycle @drax/media-back@0.15.8~prepublish: @drax/media-back@0.15.8
226 verbose pack-directory packages/identity/identity-back
227 silly lifecycle "prepublish" starting in "@drax/identity-back"
228 info lifecycle @drax/identity-back@0.15.8~prepublish: @drax/identity-back@0.15.8
229 silly lifecycle No script for "postpack" in "@drax/crud-vue", continuing
230 verbose packed packages/crud/crud-vue
231 verbose pack-directory packages/identity/identity-vue
232 silly lifecycle No script for "prepublish" in "@drax/identity-vue", continuing
233 silly lifecycle No script for "prepare" in "@drax/identity-vue", continuing
234 silly lifecycle No script for "prepublishOnly" in "@drax/identity-vue", continuing
235 silly lifecycle No script for "prepack" in "@drax/identity-vue", continuing
236 silly lifecycle No script for "postpack" in "@drax/identity-front", continuing
237 verbose packed packages/identity/identity-front
238 silly lifecycle No script for "postpack" in "@drax/identity-vue", continuing
239 verbose packed packages/identity/identity-vue
240 silly lifecycle "prepublish" finished in "@drax/crud-back"
241 silly lifecycle No script for "prepare" in "@drax/crud-back", continuing
242 silly lifecycle No script for "prepublishOnly" in "@drax/crud-back", continuing
243 silly lifecycle No script for "prepack" in "@drax/crud-back", continuing
244 silly lifecycle No script for "postpack" in "@drax/crud-back", continuing
245 verbose packed packages/crud/crud-back
246 verbose pack-directory packages/settings/settings-back
247 silly lifecycle "prepublish" starting in "@drax/settings-back"
248 info lifecycle @drax/settings-back@0.15.8~prepublish: @drax/settings-back@0.15.8
249 silly lifecycle "prepublish" finished in "@drax/media-back"
250 silly lifecycle No script for "prepare" in "@drax/media-back", continuing
251 silly lifecycle No script for "prepublishOnly" in "@drax/media-back", continuing
252 silly lifecycle No script for "prepack" in "@drax/media-back", continuing
253 silly lifecycle No script for "postpack" in "@drax/media-back", continuing
254 verbose packed packages/media/media-backend
255 verbose pack-directory packages/dynamic/dynamic-back
256 silly lifecycle "prepublish" starting in "@drax/dynamic-back"
257 info lifecycle @drax/dynamic-back@0.15.8~prepublish: @drax/dynamic-back@0.15.8
258 silly lifecycle "prepublish" finished in "@drax/identity-back"
259 silly lifecycle No script for "prepare" in "@drax/identity-back", continuing
260 silly lifecycle No script for "prepublishOnly" in "@drax/identity-back", continuing
261 silly lifecycle No script for "prepack" in "@drax/identity-back", continuing
262 silly lifecycle No script for "postpack" in "@drax/identity-back", continuing
263 verbose packed packages/identity/identity-back
264 silly lifecycle "prepublish" finished in "@drax/settings-back"
265 silly lifecycle No script for "prepare" in "@drax/settings-back", continuing
266 silly lifecycle No script for "prepublishOnly" in "@drax/settings-back", continuing
267 silly lifecycle No script for "prepack" in "@drax/settings-back", continuing
268 silly lifecycle No script for "postpack" in "@drax/settings-back", continuing
269 verbose packed packages/settings/settings-back
270 silly lifecycle "prepublish" finished in "@drax/dynamic-back"
271 silly lifecycle No script for "prepare" in "@drax/dynamic-back", continuing
272 silly lifecycle No script for "prepublishOnly" in "@drax/dynamic-back", continuing
273 silly lifecycle No script for "prepack" in "@drax/dynamic-back", continuing
274 silly lifecycle No script for "postpack" in "@drax/dynamic-back", continuing
275 verbose packed packages/dynamic/dynamic-back
276 silly lifecycle No script for "postpack" in "drax", continuing
277 warn ECYCLE Dependency cycles detected, you should fix these!
277 warn ECYCLE @drax/crud-back -> @drax/media-back -> @drax/identity-back -> @drax/crud-back
278 verbose publish @drax/crud-front
279 verbose publish @drax/crud-share
280 verbose publish @drax/media-vue
281 silly FetchError: request to https://registry.npmjs.org/@drax%2fmedia-vue failed, reason: read ECONNRESET
281 silly     at ClientRequest.<anonymous> (/media/cincarnato/SSD480/code/drax/drax-framework/node_modules/minipass-fetch/lib/index.js:130:14)
281 silly     at ClientRequest.emit (node:events:519:28)
281 silly     at _destroy (node:_http_client:880:13)
281 silly     at onSocketNT (node:_http_client:900:5)
281 silly     at process.processTicksAndRejections (node:internal/process/task_queues:83:21)
281 silly  FetchError: request to https://registry.npmjs.org/@drax%2fmedia-vue failed, reason: read ECONNRESET
281 silly     at ClientRequest.<anonymous> (/media/cincarnato/SSD480/code/drax/drax-framework/node_modules/minipass-fetch/lib/index.js:130:14)
281 silly     at ClientRequest.emit (node:events:519:28)
281 silly     at _destroy (node:_http_client:880:13)
281 silly     at onSocketNT (node:_http_client:900:5)
281 silly     at process.processTicksAndRejections (node:internal/process/task_queues:83:21) {
281 silly   code: 'ECONNRESET',
281 silly   errno: 'ECONNRESET',
281 silly   syscall: 'read',
281 silly   type: 'system'
281 silly }
282 warn notice Package failed to publish: @drax/media-vue
283 error ECONNRESET request to https://registry.npmjs.org/@drax%2fmedia-vue failed, reason: read ECONNRESET
284 error errno "ECONNRESET" is not a valid exit code - exiting with code 1
285 silly FetchError: request to https://registry.npmjs.org/@drax%2fcrud-share failed, reason: read ECONNRESET
285 silly     at ClientRequest.<anonymous> (/media/cincarnato/SSD480/code/drax/drax-framework/node_modules/minipass-fetch/lib/index.js:130:14)
285 silly     at ClientRequest.emit (node:events:519:28)
285 silly     at _destroy (node:_http_client:880:13)
285 silly     at onSocketNT (node:_http_client:900:5)
285 silly     at process.processTicksAndRejections (node:internal/process/task_queues:83:21)
285 silly  FetchError: request to https://registry.npmjs.org/@drax%2fcrud-share failed, reason: read ECONNRESET
285 silly     at ClientRequest.<anonymous> (/media/cincarnato/SSD480/code/drax/drax-framework/node_modules/minipass-fetch/lib/index.js:130:14)
285 silly     at ClientRequest.emit (node:events:519:28)
285 silly     at _destroy (node:_http_client:880:13)
285 silly     at onSocketNT (node:_http_client:900:5)
285 silly     at process.processTicksAndRejections (node:internal/process/task_queues:83:21) {
285 silly   code: 'ECONNRESET',
285 silly   errno: 'ECONNRESET',
285 silly   syscall: 'read',
285 silly   type: 'system'
285 silly }
286 warn notice Package failed to publish: @drax/crud-share
287 error ECONNRESET request to https://registry.npmjs.org/@drax%2fcrud-share failed, reason: read ECONNRESET
288 error errno "ECONNRESET" is not a valid exit code - exiting with code 1
289 silly FetchError: request to https://registry.npmjs.org/@drax%2fcrud-front failed, reason: read ECONNRESET
289 silly     at ClientRequest.<anonymous> (/media/cincarnato/SSD480/code/drax/drax-framework/node_modules/minipass-fetch/lib/index.js:130:14)
289 silly     at ClientRequest.emit (node:events:519:28)
289 silly     at _destroy (node:_http_client:880:13)
289 silly     at onSocketNT (node:_http_client:900:5)
289 silly     at process.processTicksAndRejections (node:internal/process/task_queues:83:21)
289 silly  FetchError: request to https://registry.npmjs.org/@drax%2fcrud-front failed, reason: read ECONNRESET
289 silly     at ClientRequest.<anonymous> (/media/cincarnato/SSD480/code/drax/drax-framework/node_modules/minipass-fetch/lib/index.js:130:14)
289 silly     at ClientRequest.emit (node:events:519:28)
289 silly     at _destroy (node:_http_client:880:13)
289 silly     at onSocketNT (node:_http_client:900:5)
289 silly     at process.processTicksAndRejections (node:internal/process/task_queues:83:21) {
289 silly   code: 'ECONNRESET',
289 silly   errno: 'ECONNRESET',
289 silly   syscall: 'read',
289 silly   type: 'system'
289 silly }
290 warn notice Package failed to publish: @drax/crud-front
291 error ECONNRESET request to https://registry.npmjs.org/@drax%2fcrud-front failed, reason: read ECONNRESET
292 error errno "ECONNRESET" is not a valid exit code - exiting with code 1
293 error FetchError: request to https://registry.npmjs.org/@drax%2fmedia-vue failed, reason: read ECONNRESET
293 error     at ClientRequest.<anonymous> (/media/cincarnato/SSD480/code/drax/drax-framework/node_modules/minipass-fetch/lib/index.js:130:14)
293 error     at ClientRequest.emit (node:events:519:28)
293 error     at _destroy (node:_http_client:880:13)
293 error     at onSocketNT (node:_http_client:900:5)
